build/outputs/mapping/release/mapping.txt
# compiler: R8
# compiler_version: 2.0.88
# min_api: 21
# pg_map_id: 813ec83
# common_typos_disable
com.enernet.eg.ActionReceiver -> com.enernet.eg.ActionReceiver:
    int m_nSeqMemberAckRequester -> b
    void performAccept(android.content.Context) -> a
    void performReject(android.content.Context) -> b
    void onResult(com.enernet.eg.CaResult) -> m
com.enernet.eg.CaAes256 -> com.enernet.eg.a:
    java.lang.String secretKey -> a
    java.lang.String salt -> b
    java.lang.String decrypt(java.lang.String) -> a
    java.lang.String encrypt(java.lang.String) -> b
com.enernet.eg.CaApplication -> com.enernet.eg.CaApplication:
    com.enernet.eg.CaUser m_User -> c
    com.enernet.eg.CaEngine m_Engine -> b
    com.enernet.eg.CaInfo m_Info -> d
    android.content.Context m_Context -> e
    android.content.Context getContext() -> a
com.enernet.eg.CaArg -> com.enernet.eg.b:
    java.util.List args -> b
    java.lang.String command -> a
    byte[] fileData -> c
    void addArg(java.lang.String,double) -> a
    void addArg(java.lang.String,int) -> b
    void addArg(java.lang.String,java.lang.String) -> c
com.enernet.eg.CaBase64 -> com.enernet.eg.c:
    byte[] decode(java.lang.String) -> a
    java.lang.String encode(byte[]) -> b
com.enernet.eg.CaEngine -> com.enernet.eg.d:
    java.lang.String[] NO_CMD_ARGS -> a
    com.enernet.eg.CaResult executeCommand(com.enernet.eg.CaArg,int,boolean,boolean,android.content.Context,com.enernet.eg.IaResultHandler) -> A
    void ChangeMemberSettins(int,boolean,boolean,boolean,boolean,boolean,int,int,double,double,int,int,int,android.content.Context,com.enernet.eg.IaResultHandler) -> a
    void ChangePassword(int,java.lang.String,android.content.Context,com.enernet.eg.IaResultHandler) -> b
    void CheckLogin(java.lang.String,java.lang.String,android.content.Context,com.enernet.eg.IaResultHandler) -> c
    void CreateMemberMain(int,java.lang.String,java.lang.String,java.lang.String,java.lang.String,android.content.Context,com.enernet.eg.IaResultHandler) -> d
    void CreateMemberSub(int,java.lang.String,java.lang.String,java.lang.String,java.lang.String,android.content.Context,com.enernet.eg.IaResultHandler) -> e
    void CreateQuestion(int,java.lang.String,android.content.Context,com.enernet.eg.IaResultHandler) -> f
    void GetAlarmList(int,int,android.content.Context,com.enernet.eg.IaResultHandler) -> g
    void GetAptDongList(int,android.content.Context,com.enernet.eg.IaResultHandler) -> h
    void GetAptHoList(int,int,android.content.Context,com.enernet.eg.IaResultHandler) -> i
    void GetFaqList(int,android.content.Context,com.enernet.eg.IaResultHandler) -> j
com.enernet.eg.CaHttp -> com.enernet.eg.e:
    java.util.List entities -> b
    java.lang.String m_strUri -> a
    int addEntityPair(com.enernet.eg.Pair) -> a
    java.lang.String getPostDataString(org.json.JSONObject) -> b
    void setURI(java.lang.String) -> c
com.enernet.eg.CaHttpPost -> com.enernet.eg.f:
    java.lang.String execute() -> d
...
com.google.android.material.datepicker.SmoothCalendarLayoutManager$1 -> com.google.android.material.datepicker.n$a:
    float calculateSpeedPerPixel(android.util.DisplayMetrics) -> v
com.google.android.material.datepicker.UtcDates -> com.google.android.material.datepicker.o:
    long canonicalYearMonthDay(long) -> a
    android.icu.text.DateFormat getAbbrMonthWeekdayDayFormat(java.util.Locale) -> b
    android.icu.text.DateFormat getAndroidFormat(java.lang.String,java.util.Locale) -> c
    java.util.Calendar getDayCopy(java.util.Calendar) -> d
    java.text.DateFormat getFormat(int,java.util.Locale) -> e
    java.text.DateFormat getFullFormat(java.util.Locale) -> f
    java.text.SimpleDateFormat getSimpleFormat(java.lang.String,java.util.Locale) -> g
    java.util.TimeZone getTimeZone() -> h
    java.util.Calendar getTodayCalendar() -> i
    android.icu.util.TimeZone getUtcAndroidTimeZone() -> j
    java.util.Calendar getUtcCalendar() -> k
    java.util.Calendar getUtcCalendarOf(java.util.Calendar) -> l
    android.icu.text.DateFormat getYearAbbrMonthWeekdayDayFormat(java.util.Locale) -> m
    java.text.SimpleDateFormat getYearMonthFormat() -> n
    java.text.SimpleDateFormat getYearMonthFormat(java.util.Locale) -> o
com.google.android.material.datepicker.YearGridAdapter -> com.google.android.material.datepicker.p:
    com.google.android.material.datepicker.MaterialCalendar materialCalendar -> c
    android.view.View$OnClickListener createYearClickListener(int) -> A
    int getPositionForYear(int) -> B
    int getYearForPosition(int) -> C
    void onBindViewHolder(com.google.android.material.datepicker.YearGridAdapter$ViewHolder,int) -> D
    com.google.android.material.datepicker.YearGridAdapter$ViewHolder onCreateViewHolder(android.view.ViewGroup,int) -> E
    int getItemCount() -> c
    void onBindViewHolder(androidx.recyclerview.widget.RecyclerView$ViewHolder,int) -> o
    androidx.recyclerview.widget.RecyclerView$ViewHolder onCreateViewHolder(android.view.ViewGroup,int) -> q
    com.google.android.material.datepicker.MaterialCalendar access$000(com.google.android.material.datepicker.YearGridAdapter) -> z
com.google.android.material.datepicker.YearGridAdapter$1 -> com.google.android.material.datepicker.p$a:
    int val$year -> b
    com.google.android.material.datepicker.YearGridAdapter this$0 -> c
com.google.android.material.datepicker.YearGridAdapter$ViewHolder -> com.google.android.material.datepicker.p$b:
    android.widget.TextView textView -> t
com.google.android.material.drawable.DrawableUtils -> b.b.a.c.r.a:
    android.graphics.PorterDuffColorFilter updateTintFilter(android.graphics.drawable.Drawable,android.content.res.ColorStateList,android.graphics.PorterDuff$Mode) -> a
com.google.android.material.elevation.ElevationOverlayProvider -> b.b.a.c.s.a:
    float displayDensity -> d
    boolean elevationOverlayEnabled -> a
    int elevationOverlayColor -> b
    int colorSurface -> c
    float calculateOverlayAlphaFraction(float) -> a
    int compositeOverlay(int,float) -> b
    int compositeOverlayIfNeeded(int,float) -> c
    boolean isThemeElevationOverlayEnabled() -> d
    boolean isThemeSurfaceColor(int) -> e
com.google.android.material.expandable.ExpandableWidget -> b.b.a.c.t.a:
    boolean isExpanded() -> b
com.google.android.material.expandable.ExpandableWidgetHelper -> b.b.a.c.t.b:
    int getExpandedComponentIdHint() -> a
    boolean isExpanded() -> b
    void onRestoreInstanceState(android.os.Bundle) -> c
    android.os.Bundle onSaveInstanceState() -> d
    void setExpandedComponentIdHint(int) -> e
com.google.android.material.floatingactionbutton.BorderDrawable -> com.google.android.material.floatingactionbutton.a:
    void setBorderTint(android.content.res.ColorStateList) -> a
    void setShapeAppearanceModel(com.google.android.material.shape.ShapeAppearanceModel) -> b